[0;37mtest/compile-fail/break-outside-loop.as:2.3-8: [0;31merror: [1;37m`break` outside loop[0m
[0;37mtest/compile-fail/break-outside-loop.as:3.3-11: [0;31merror: [1;37m`continue` outside loop[0m
